<?xml version="1.0" encoding="UTF-8"?>
<!-- Generated by org.testng.reporters.JUnitXMLReporter -->
<testsuite ignored="0" hostname="MT-5CD12777KZ" failures="10" tests="10" name="Default test" time="1.853" errors="0" timestamp="2021-11-18T15:30:45 IST">
  <testcase classname="io.cucumber.testng.AbstractTestNGCucumberTests" name="runScenario" time="1.118">
    <failure type="java.lang.NullPointerException" message="Cannot invoke &amp;quot;com.mindtree.utilities.GetProperty.getUrl()&amp;quot; because &amp;quot;com.mindtree.stepDefinitions.AllofItstepDefinition.property&amp;quot; is null">
      <![CDATA[java.lang.NullPointerException: Cannot invoke "com.mindtree.utilities.GetProperty.getUrl()" because "com.mindtree.stepDefinitions.AllofItstepDefinition.property" is null
at com.mindtree.stepDefinitions.AllofItstepDefinition.user_lands_on_home_page(AllofItstepDefinition.java:23)
at ✽.User lands on Home Page(file:///C:/Users/M1073161/eclipse-workspace/BDDframeWork/./features/AddtoCart.feature:5)
]]>
    </failure>
  </testcase> <!-- runScenario -->
  <testcase classname="io.cucumber.testng.AbstractTestNGCucumberTests" name="runScenario" time="0.033">
    <failure type="java.lang.NullPointerException" message="Cannot invoke &amp;quot;com.mindtree.utilities.GetProperty.getUrl()&amp;quot; because &amp;quot;com.mindtree.stepDefinitions.AllofItstepDefinition.property&amp;quot; is null">
      <![CDATA[java.lang.NullPointerException: Cannot invoke "com.mindtree.utilities.GetProperty.getUrl()" because "com.mindtree.stepDefinitions.AllofItstepDefinition.property" is null
at com.mindtree.stepDefinitions.AllofItstepDefinition.user_lands_on_home_page(AllofItstepDefinition.java:23)
at ✽.User lands on Home Page(file:///C:/Users/M1073161/eclipse-workspace/BDDframeWork/./features/AllofIt.feature:4)
]]>
    </failure>
  </testcase> <!-- runScenario -->
  <testcase classname="io.cucumber.testng.AbstractTestNGCucumberTests" name="runScenario" time="0.023">
    <failure type="java.lang.NullPointerException" message="Cannot invoke &amp;quot;com.mindtree.utilities.GetProperty.getUrl()&amp;quot; because &amp;quot;com.mindtree.stepDefinitions.AllofItstepDefinition.property&amp;quot; is null">
      <![CDATA[java.lang.NullPointerException: Cannot invoke "com.mindtree.utilities.GetProperty.getUrl()" because "com.mindtree.stepDefinitions.AllofItstepDefinition.property" is null
at com.mindtree.stepDefinitions.AllofItstepDefinition.user_lands_on_home_page(AllofItstepDefinition.java:23)
at ✽.User lands on Home Page(file:///C:/Users/M1073161/eclipse-workspace/BDDframeWork/./features/Contact.feature:5)
]]>
    </failure>
  </testcase> <!-- runScenario -->
  <testcase classname="io.cucumber.testng.AbstractTestNGCucumberTests" name="runScenario" time="0.025">
    <failure type="java.lang.NullPointerException" message="Cannot invoke &amp;quot;com.mindtree.utilities.GetProperty.getUrl()&amp;quot; because &amp;quot;com.mindtree.stepDefinitions.AllofItstepDefinition.property&amp;quot; is null">
      <![CDATA[java.lang.NullPointerException: Cannot invoke "com.mindtree.utilities.GetProperty.getUrl()" because "com.mindtree.stepDefinitions.AllofItstepDefinition.property" is null
at com.mindtree.stepDefinitions.AllofItstepDefinition.user_lands_on_home_page(AllofItstepDefinition.java:23)
at ✽.User lands on Home Page(file:///C:/Users/M1073161/eclipse-workspace/BDDframeWork/./features/GiftCard.feature:5)
]]>
    </failure>
  </testcase> <!-- runScenario -->
  <testcase classname="io.cucumber.testng.AbstractTestNGCucumberTests" name="runScenario" time="0.018">
    <failure type="java.lang.NullPointerException" message="Cannot invoke &amp;quot;com.mindtree.utilities.GetProperty.getUrl()&amp;quot; because &amp;quot;com.mindtree.stepDefinitions.AllofItstepDefinition.property&amp;quot; is null">
      <![CDATA[java.lang.NullPointerException: Cannot invoke "com.mindtree.utilities.GetProperty.getUrl()" because "com.mindtree.stepDefinitions.AllofItstepDefinition.property" is null
at com.mindtree.stepDefinitions.AllofItstepDefinition.user_lands_on_home_page(AllofItstepDefinition.java:23)
at ✽.User lands on Home Page(file:///C:/Users/M1073161/eclipse-workspace/BDDframeWork/./features/HomePage.feature:5)
]]>
    </failure>
  </testcase> <!-- runScenario -->
  <testcase classname="io.cucumber.testng.AbstractTestNGCucumberTests" name="runScenario" time="0.02">
    <failure type="java.lang.NullPointerException" message="Cannot invoke &amp;quot;com.mindtree.utilities.GetProperty.getUrl()&amp;quot; because &amp;quot;com.mindtree.stepDefinitions.AllofItstepDefinition.property&amp;quot; is null">
      <![CDATA[java.lang.NullPointerException: Cannot invoke "com.mindtree.utilities.GetProperty.getUrl()" because "com.mindtree.stepDefinitions.AllofItstepDefinition.property" is null
at com.mindtree.stepDefinitions.AllofItstepDefinition.user_lands_on_home_page(AllofItstepDefinition.java:23)
at ✽.User lands on Home Page(file:///C:/Users/M1073161/eclipse-workspace/BDDframeWork/./features/HoverAction.feature:5)
]]>
    </failure>
  </testcase> <!-- runScenario -->
  <testcase classname="io.cucumber.testng.AbstractTestNGCucumberTests" name="runScenario" time="0.02">
    <failure type="java.lang.NullPointerException" message="Cannot invoke &amp;quot;com.mindtree.utilities.GetProperty.getUrl()&amp;quot; because &amp;quot;com.mindtree.stepDefinitions.AllofItstepDefinition.property&amp;quot; is null">
      <![CDATA[java.lang.NullPointerException: Cannot invoke "com.mindtree.utilities.GetProperty.getUrl()" because "com.mindtree.stepDefinitions.AllofItstepDefinition.property" is null
at com.mindtree.stepDefinitions.AllofItstepDefinition.user_lands_on_home_page(AllofItstepDefinition.java:23)
at ✽.User lands on Home Page(file:///C:/Users/M1073161/eclipse-workspace/BDDframeWork/./features/LoginTest.feature:5)
]]>
    </failure>
  </testcase> <!-- runScenario -->
  <testcase classname="io.cucumber.testng.AbstractTestNGCucumberTests" name="runScenario" time="0.018">
    <failure type="java.lang.NullPointerException" message="Cannot invoke &amp;quot;com.mindtree.utilities.GetProperty.getUrl()&amp;quot; because &amp;quot;com.mindtree.stepDefinitions.AllofItstepDefinition.property&amp;quot; is null">
      <![CDATA[java.lang.NullPointerException: Cannot invoke "com.mindtree.utilities.GetProperty.getUrl()" because "com.mindtree.stepDefinitions.AllofItstepDefinition.property" is null
at com.mindtree.stepDefinitions.AllofItstepDefinition.user_lands_on_home_page(AllofItstepDefinition.java:23)
at ✽.User lands on Home Page(file:///C:/Users/M1073161/eclipse-workspace/BDDframeWork/./features/SearchBar.feature:5)
]]>
    </failure>
  </testcase> <!-- runScenario -->
  <testcase classname="io.cucumber.testng.AbstractTestNGCucumberTests" name="runScenario" time="0.024">
    <failure type="java.lang.NullPointerException" message="Cannot invoke &amp;quot;com.mindtree.utilities.GetProperty.getUrl()&amp;quot; because &amp;quot;com.mindtree.stepDefinitions.AllofItstepDefinition.property&amp;quot; is null">
      <![CDATA[java.lang.NullPointerException: Cannot invoke "com.mindtree.utilities.GetProperty.getUrl()" because "com.mindtree.stepDefinitions.AllofItstepDefinition.property" is null
at com.mindtree.stepDefinitions.AllofItstepDefinition.user_lands_on_home_page(AllofItstepDefinition.java:23)
at ✽.User lands on Home Page(file:///C:/Users/M1073161/eclipse-workspace/BDDframeWork/./features/WishList.feature:5)
]]>
    </failure>
  </testcase> <!-- runScenario -->
  <testcase classname="io.cucumber.testng.AbstractTestNGCucumberTests" name="runScenario" time="0.026">
    <failure type="java.lang.NullPointerException" message="Cannot invoke &amp;quot;com.mindtree.utilities.GetProperty.getUrl()&amp;quot; because &amp;quot;com.mindtree.stepDefinitions.AllofItstepDefinition.property&amp;quot; is null">
      <![CDATA[java.lang.NullPointerException: Cannot invoke "com.mindtree.utilities.GetProperty.getUrl()" because "com.mindtree.stepDefinitions.AllofItstepDefinition.property" is null
at com.mindtree.stepDefinitions.AllofItstepDefinition.user_lands_on_home_page(AllofItstepDefinition.java:23)
at ✽.User lands on Home Page(file:///C:/Users/M1073161/eclipse-workspace/BDDframeWork/./features/socialBar.feature:4)
]]>
    </failure>
  </testcase> <!-- runScenario -->
</testsuite> <!-- Default test -->
